{"name": "test_products_post_req[product_model2]", "status": "failed", "statusDetails": {"message": "AssertionError: assert 400 == 201\n +  where 400 = <Response [400]>.status_code", "trace": "self = <pytest_fold.test_positive.TestService object at 0x0000020C27639610>\nproduct_model = {'category_id': None,\n 'created_at': None,\n 'description': 5436,\n 'image_url': None,\n 'name': 7213439.29101018,\n 'phot...urch',\n 'product_id': None,\n 'quantity': 'Main degree director public I service.',\n 'rating': 'B',\n 'updated_at': None}\nservice_api = <pytest_fold.conftest.ApiClient object at 0x0000020C27C5CFE0>\n\n    @allure.feature('Post new product')\n    @allure.description('Create new single product')\n    def test_products_post_req(self, product_model, service_api):\n>       super().products_post_req(product_model, service_api)\n\npytest_fold\\test_positive.py:41: \n_ _ _ _ _ _ _ _ _ _ _ _ _ _ _ _ _ _ _ _ _ _ _ _ _ _ _ _ _ _ _ _ _ _ _ _ _ _ _ _ _ _ _ _ _ _ _ _ _ _ _ _ _ _ _ _ _ _ _ _ _ _ _ _ _ _ _ _ _ _ _ _ _ _ _ _ _ _ _ _ _ _ _ _ _ _ _ _ _ _ _ _ _ _ _ _ _ _ _ _ _ _ _ _ _ _ _ _ _ _ _ _ _ _\n\nproduct_model = {'category_id': None,\n 'created_at': None,\n 'description': 5436,\n 'image_url': None,\n 'name': 7213439.29101018,\n 'phot...urch',\n 'product_id': None,\n 'quantity': 'Main degree director public I service.',\n 'rating': 'B',\n 'updated_at': None}\nservice_api = <pytest_fold.conftest.ApiClient object at 0x0000020C27C5CFE0>\n\n    @staticmethod\n    def products_post_req(product_model, service_api):\n        with allure.step('1. Create model of a single product'):\n            product = product_model\n        with allure.step('2. Post the product created during the previous step'):\n            response = service_api.post('products', data=json.dumps(dict(product)))\n        with allure.step('3. Check if status code of the response is equal to 201'):\n>           assert response.status_code == 201\nE           assert 400 == 201\nE            +  where 400 = <Response [400]>.status_code\n\nsrc\\base_test_case\\test_microservice.py:14: AssertionError"}, "description": "Create new single product", "steps": [{"name": "1. Create model of a single product", "status": "passed", "start": 1720471604818, "stop": 1720471604818}, {"name": "2. Post the product created during the previous step", "status": "passed", "start": 1720471604818, "stop": 1720471604919}, {"name": "3. Check if status code of the response is equal to 201", "status": "failed", "statusDetails": {"message": "AssertionError: assert 400 == 201\n +  where 400 = <Response [400]>.status_code\n", "trace": "  File \"D:\\Git\\Go-Kafka-gRPC-MongoDB-microservice\\tests\\src\\base_test_case\\test_microservice.py\", line 14, in products_post_req\n    assert response.status_code == 201\n"}, "start": 1720471604919, "stop": 1720471604919}], "parameters": [{"name": "product_model", "value": "{'category_id': None,\n 'created_at': None,\n 'description': 5436,\n 'image_url': None,\n 'name': 7213439.29101018,\n 'photos': None,\n 'price': 'church',\n 'product_id': None,\n 'quantity': 'Main degree director public I service.',\n 'rating': 'B',\n 'updated_at': None}"}], "start": 1720471604818, "stop": 1720471604920, "uuid": "9ac067a6-5f2d-4de1-943b-10ad92a6d0f2", "historyId": "8fb58d1febcb750c9a8ac33048e8b300", "testCaseId": "9f7cab5598bae2ee4382167c19725086", "fullName": "pytest_fold.test_positive.TestService#test_products_post_req", "labels": [{"name": "story", "value": "Testing with semi-correct inputs"}, {"name": "severity", "value": "normal"}, {"name": "feature", "value": "Post new product"}, {"name": "parentSuite", "value": "pytest_fold"}, {"name": "suite", "value": "test_positive"}, {"name": "subSuite", "value": "TestService"}, {"name": "host", "value": "Sanua-PC"}, {"name": "thread", "value": "1632-MainThread"}, {"name": "framework", "value": "pytest"}, {"name": "language", "value": "cpython3"}, {"name": "package", "value": "pytest_fold.test_positive"}]}